<?xml version="1.0" encoding="UTF-8"?>
<testng-results skipped="0" failed="0" ignored="0" total="1" passed="1">
  <reporter-output>
  </reporter-output>
  <suite name="Default suite" duration-ms="8689" started-at="2018-08-24T22:58:00Z" finished-at="2018-08-24T22:58:09Z">
    <groups>
    </groups>
    <test name="Default test" duration-ms="8689" started-at="2018-08-24T22:58:00Z" finished-at="2018-08-24T22:58:09Z">
      <class name="tests.Test1">
        <test-method status="PASS" signature="setup()[pri:0, instance:tests.Test1@c038203]" name="setup" is-config="true" duration-ms="7375" started-at="2018-08-24T22:58:00Z" finished-at="2018-08-24T22:58:08Z">
          <reporter-output>
          </reporter-output>
        </test-method> <!-- setup -->
        <test-method status="PASS" signature="methodLevelSetup()[pri:0, instance:tests.Test1@c038203]" name="methodLevelSetup" is-config="true" duration-ms="1" started-at="2018-08-24T22:58:08Z" finished-at="2018-08-24T22:58:08Z">
          <reporter-output>
          </reporter-output>
        </test-method> <!-- methodLevelSetup -->
        <test-method status="PASS" signature="MyTest(java.lang.String, java.lang.String)[pri:0, instance:tests.Test1@c038203]" name="MyTest" duration-ms="572" started-at="2018-08-24T22:58:08Z" data-provider="Authentication" finished-at="2018-08-24T22:58:08Z">
          <params>
            <param index="0">
              <value>
                <![CDATA[testuser@example.com]]>
              </value>
            </param>
            <param index="1">
              <value>
                <![CDATA[test123]]>
              </value>
            </param>
          </params>
          <reporter-output>
          </reporter-output>
        </test-method> <!-- MyTest -->
        <test-method status="PASS" signature="teardown()[pri:0, instance:tests.Test1@c038203]" name="teardown" is-config="true" duration-ms="703" started-at="2018-08-24T22:58:08Z" finished-at="2018-08-24T22:58:09Z">
          <reporter-output>
          </reporter-output>
        </test-method> <!-- teardown -->
      </class> <!-- tests.Test1 -->
    </test> <!-- Default test -->
  </suite> <!-- Default suite -->
</testng-results>
