<?xml version="1.0" encoding="UTF-8"?>
<testng-results skipped="0" failed="0" total="1" passed="1">
  <reporter-output>
  </reporter-output>
  <suite name="Default suite" duration-ms="3276" started-at="2018-08-25T16:50:23Z" finished-at="2018-08-25T16:50:27Z">
    <groups>
    </groups>
    <test name="Default test" duration-ms="3276" started-at="2018-08-25T16:50:23Z" finished-at="2018-08-25T16:50:27Z">
      <class name="MyTest6.API.ValidateAPI">
        <test-method status="PASS" signature="setBaseUri()[pri:0, instance:MyTest6.API.ValidateAPI@5c7fa833]" name="setBaseUri" is-config="true" duration-ms="411" started-at="2018-08-25T11:50:23Z" finished-at="2018-08-25T11:50:24Z">
          <reporter-output>
          </reporter-output>
        </test-method> <!-- setBaseUri -->
        <test-method status="PASS" signature="testStatusCode()[pri:0, instance:MyTest6.API.ValidateAPI@5c7fa833]" name="testStatusCode" duration-ms="2845" started-at="2018-08-25T11:50:24Z" finished-at="2018-08-25T11:50:27Z">
          <reporter-output>
          </reporter-output>
        </test-method> <!-- testStatusCode -->
      </class> <!-- MyTest6.API.ValidateAPI -->
    </test> <!-- Default test -->
  </suite> <!-- Default suite -->
</testng-results>
