<?xml version="1.0" encoding="UTF-8"?>
<testng-results skipped="0" failed="0" ignored="0" total="1" passed="1">
  <reporter-output>
  </reporter-output>
  <suite name="Default suite" duration-ms="13540" started-at="2018-08-22T22:32:13Z" finished-at="2018-08-22T22:32:26Z">
    <groups>
    </groups>
    <test name="Default test" duration-ms="13540" started-at="2018-08-22T22:32:13Z" finished-at="2018-08-22T22:32:26Z">
      <class name="com.googlerestapi.com.rest.ManagementRolesByPerson">
        <test-method status="PASS" signature="setBaseUri()[pri:0, instance:com.googlerestapi.com.rest.ManagementRolesByPerson@27f723]" name="setBaseUri" is-config="true" duration-ms="7995" started-at="2018-08-22T22:32:13Z" finished-at="2018-08-22T22:32:21Z">
          <reporter-output>
          </reporter-output>
        </test-method> <!-- setBaseUri -->
        <test-method status="PASS" signature="testStatusCode()[pri:0, instance:com.googlerestapi.com.rest.ManagementRolesByPerson@27f723]" name="testStatusCode" duration-ms="5528" started-at="2018-08-22T22:32:21Z" finished-at="2018-08-22T22:32:26Z">
          <reporter-output>
          </reporter-output>
        </test-method> <!-- testStatusCode -->
      </class> <!-- com.googlerestapi.com.rest.ManagementRolesByPerson -->
    </test> <!-- Default test -->
  </suite> <!-- Default suite -->
</testng-results>
